2023.08.17 15:31:57 INFO  Started: Metals version 1.0.0 in folders 'C:\Users\GanesanD\Desktop\Real time\Python_realtime_project' for client Visual Studio Code 1.81.1.
Aug 17, 2023 3:31:57 PM org.flywaydb.core.internal.license.VersionPrinter printVersionOnly
INFO: Flyway Community Edition 9.20.1 by Redgate
Aug 17, 2023 3:31:57 PM org.flywaydb.core.internal.license.VersionPrinter printVersion
INFO: See release notes here: https://rd.gt/416ObMi
Aug 17, 2023 3:31:57 PM org.flywaydb.core.internal.license.VersionPrinter printVersion
INFO: 
Aug 17, 2023 3:31:57 PM org.flywaydb.core.internal.database.base.BaseDatabaseType createDatabase
INFO: Database: jdbc:h2:file:C:\Users\GanesanD\Desktop\Real time\Python_realtime_project\.metals\metals (H2 2.1)
Aug 17, 2023 3:31:58 PM org.flywaydb.core.internal.schemahistory.JdbcTableSchemaHistory allAppliedMigrations
INFO: Schema history table "PUBLIC"."flyway_schema_history" does not exist yet
Aug 17, 2023 3:31:58 PM org.flywaydb.core.internal.command.DbValidate validate
INFO: Successfully validated 4 migrations (execution time 00:00.017s)
Aug 17, 2023 3:31:58 PM org.flywaydb.core.internal.schemahistory.JdbcTableSchemaHistory create
INFO: Creating Schema History table "PUBLIC"."flyway_schema_history" ...
Aug 17, 2023 3:31:58 PM org.flywaydb.core.internal.command.DbMigrate migrateGroup
INFO: Current version of schema "PUBLIC": << Empty Schema >>
Aug 17, 2023 3:31:58 PM org.flywaydb.core.internal.command.DbMigrate doMigrateGroup
INFO: Migrating schema "PUBLIC" to version "1 - Create tables"
Aug 17, 2023 3:31:58 PM org.flywaydb.core.internal.command.DbMigrate doMigrateGroup
INFO: Migrating schema "PUBLIC" to version "2 - Server discovery"
Aug 17, 2023 3:31:58 PM org.flywaydb.core.internal.command.DbMigrate doMigrateGroup
INFO: Migrating schema "PUBLIC" to version "3 - Jar symbols"
Aug 17, 2023 3:31:58 PM org.flywaydb.core.internal.command.DbMigrate doMigrateGroup
INFO: Migrating schema "PUBLIC" to version "4 - Fingerprints"
Aug 17, 2023 3:31:58 PM org.flywaydb.core.internal.command.DbMigrate logSummary
INFO: Successfully applied 4 migrations to schema "PUBLIC", now at version v4 (execution time 00:00.022s)
2023.08.17 15:31:58 INFO  time: initialize in 0.68s
2023.08.17 15:31:58 WARN  Build server is not auto-connectable.
2023.08.17 15:31:58 WARN  no build tool detected in workspace 'C:\Users\GanesanD\Desktop\Real time\Python_realtime_project'. The most common cause for this problem is that the editor was opened in the wrong working directory, for example if you use sbt then the workspace directory should contain build.sbt. 
2023.08.17 18:31:04 INFO  Shutting down server
2023.08.17 18:31:04 INFO  shutting down Metals
2023.08.17 18:31:04 INFO  Exiting server
